<?xml version="1.0" encoding="UTF-8"?>
<!-- Generated by org.testng.reporters.JUnitXMLReporter -->
<testsuite ignored="0" hostname="LAPTOP-Aditya" failures="1" tests="2" name="Test" time="20.188" errors="0" timestamp="2026-05-21T15:35:48 IST">
  <testcase classname="testCases.TC001_AccountRegistrationTest" name="verify_account_Registration" time="2.278"/>
  <testcase classname="testCases.TC002_LoginTest" name="verify_login" time="11.476">
    <failure type="java.lang.AssertionError" message="expected [true] but found [false]">
      <![CDATA[java.lang.AssertionError: expected [true] but found [false]
at testCases.TC002_LoginTest.verify_login(TC002_LoginTest.java:31)
at java.base/java.util.ArrayList.forEach(ArrayList.java:1596)
... Removed 29 stack frames]]>
    </failure>
  </testcase> <!-- verify_login -->
</testsuite> <!-- Test -->
