<?xml version="1.0" encoding="UTF-8"?>
<!-- Generated by org.testng.reporters.JUnitXMLReporter -->
<testsuite ignored="0" hostname="LAPTOP-Aditya" failures="0" tests="2" name="Linux-Chrome" time="191.325" errors="0" timestamp="2026-05-22T18:01:32 IST">
  <testcase classname="genericUtility.BaseClass" name="@BeforeClass setup" time="180.051">
    <failure type="org.openqa.selenium.SessionNotCreatedException" message="Could not start a new session. Possible causes are invalid address of the remote server or browser start-up failure. null 
Host info: host: &amp;apos;LAPTOP-ADITYA&amp;apos;, ip: &amp;apos;192.168.1.22&amp;apos;">
      <![CDATA[org.openqa.selenium.SessionNotCreatedException: Could not start a new session. Possible causes are invalid address of the remote server or browser start-up failure. null 
Host info: host: 'LAPTOP-ADITYA', ip: '192.168.1.22'
at org.openqa.selenium.remote.RemoteWebDriver.execute(RemoteWebDriver.java:627)
at org.openqa.selenium.remote.RemoteWebDriver.startSession(RemoteWebDriver.java:290)
at org.openqa.selenium.remote.RemoteWebDriver.<init>(RemoteWebDriver.java:213)
at org.openqa.selenium.remote.RemoteWebDriver.<init>(RemoteWebDriver.java:173)
at org.openqa.selenium.remote.RemoteWebDriver.<init>(RemoteWebDriver.java:169)
at genericUtility.BaseClass.setup(BaseClass.java:64)
at java.base/java.util.ArrayList.forEach(ArrayList.java:1596)
Caused by: org.openqa.selenium.TimeoutException: java.util.concurrent.TimeoutException
Build info: version: '4.43.0', revision: 'dd0f534'
System info: os.name: 'Windows 11', os.arch: 'amd64', os.version: '10.0', java.version: '21.0.6'
Driver info: driver.version: RemoteWebDriver
at org.openqa.selenium.remote.http.jdk.JdkHttpClient.execute(JdkHttpClient.java:429)
at org.openqa.selenium.remote.tracing.TracedHttpClient.execute(TracedHttpClient.java:54)
at org.openqa.selenium.remote.ProtocolHandshake.createSession(ProtocolHandshake.java:89)
at org.openqa.selenium.remote.ProtocolHandshake.createSession(ProtocolHandshake.java:75)
at org.openqa.selenium.remote.ProtocolHandshake.createSession(ProtocolHandshake.java:61)
at org.openqa.selenium.remote.HttpCommandExecutor.execute(HttpCommandExecutor.java:195)
at org.openqa.selenium.remote.TracedCommandExecutor.execute(TracedCommandExecutor.java:53)
at org.openqa.selenium.remote.RemoteWebDriver.execute(RemoteWebDriver.java:606)
... 29 more
Caused by: java.util.concurrent.TimeoutException
at java.base/java.util.concurrent.CompletableFuture$Timeout.run(CompletableFuture.java:2920)
at java.base/java.util.concurrent.Executors$RunnableAdapter.call(Executors.java:572)
at java.base/java.util.concurrent.FutureTask.run(FutureTask.java:317)
at java.base/java.util.concurrent.ScheduledThreadPoolExecutor$ScheduledFutureTask.run(ScheduledThreadPoolExecutor.java:304)
at java.base/java.util.concurrent.ThreadPoolExecutor.runWorker(ThreadPoolExecutor.java:1144)
at java.base/java.util.concurrent.ThreadPoolExecutor$Worker.run(ThreadPoolExecutor.java:642)
at java.base/java.lang.Thread.run(Thread.java:1583)
... Removed 23 stack frames]]>
    </failure>
  </testcase> <!-- @BeforeClass setup -->
  <testcase classname="genericUtility.BaseClass" name="@AfterClass tearDown" time="0.0">
    <skipped/>
  </testcase> <!-- @AfterClass tearDown -->
  <testcase classname="testCases.TC001_AccountRegistrationTest" name="verify_account_Registration" time="2.515"/>
  <testcase classname="testCases.TC002_LoginTest" name="verify_login" time="0.0">
    <skipped/>
  </testcase> <!-- verify_login -->
</testsuite> <!-- Linux-Chrome -->
